Started GET "/" for ::1 at 2020-04-19 09:04:48 -0500
  [1m[35m (14.5ms)[0m  [1m[34mSELECT sqlite_version(*)[0m
Processing by Rails::WelcomeController#index as HTML
  Rendering /home/isaac/.rvm/gems/ruby-2.7.0/gems/railties-6.0.2.2/lib/rails/templates/rails/welcome/index.html.erb
  Rendered /home/isaac/.rvm/gems/ruby-2.7.0/gems/railties-6.0.2.2/lib/rails/templates/rails/welcome/index.html.erb (Duration: 26.5ms | Allocations: 406)
Completed 200 OK in 113ms (Views: 67.2ms | ActiveRecord: 0.0ms | Allocations: 4932)


  [1m[35m (0.3ms)[0m  [1m[34mSELECT sqlite_version(*)[0m
  [1m[35m (103.3ms)[0m  [1m[35mCREATE TABLE "schema_migrations" ("version" varchar NOT NULL PRIMARY KEY)[0m
  [1m[35m (430.5ms)[0m  [1m[35mCREATE TABLE "ar_internal_metadata" ("key" varchar NOT NULL PRIMARY KEY, "value" varchar, "created_at" datetime(6) NOT NULL, "updated_at" datetime(6) NOT NULL)[0m
  [1m[35m (0.3ms)[0m  [1m[34mSELECT "schema_migrations"."version" FROM "schema_migrations" ORDER BY "schema_migrations"."version" ASC[0m
Migrating to DeviseCreateUsers (20200419140737)
  [1m[35m (0.1ms)[0m  [1m[36mbegin transaction[0m
  [1m[35m (0.8ms)[0m  [1m[35mCREATE TABLE "users" ("id" integer PRIMARY KEY AUTOINCREMENT NOT NULL, "email" varchar DEFAULT '' NOT NULL, "encrypted_password" varchar DEFAULT '' NOT NULL, "reset_password_token" varchar, "reset_password_sent_at" datetime, "remember_created_at" datetime, "created_at" datetime(6) NOT NULL, "updated_at" datetime(6) NOT NULL)[0m
  [1m[35m (0.3ms)[0m  [1m[35mCREATE UNIQUE INDEX "index_users_on_email" ON "users" ("email")[0m
  [1m[35m (0.3ms)[0m  [1m[35mCREATE UNIQUE INDEX "index_users_on_reset_password_token" ON "users" ("reset_password_token")[0m
  [1m[36mprimary::SchemaMigration Create (0.2ms)[0m  [1m[32mINSERT INTO "schema_migrations" ("version") VALUES (?)[0m  [["version", "20200419140737"]]
  [1m[35m (116.4ms)[0m  [1m[36mcommit transaction[0m
  [1m[36mActiveRecord::InternalMetadata Load (0.3ms)[0m  [1m[34mSELECT "ar_internal_metadata".* FROM "ar_internal_metadata" WHERE "ar_internal_metadata"."key" = ? LIMIT ?[0m  [["key", "environment"], ["LIMIT", 1]]
  [1m[35m (0.1ms)[0m  [1m[36mbegin transaction[0m
  [1m[36mActiveRecord::InternalMetadata Create (0.5ms)[0m  [1m[32mINSERT INTO "ar_internal_metadata" ("key", "value", "created_at", "updated_at") VALUES (?, ?, ?, ?)[0m  [["key", "environment"], ["value", "development"], ["created_at", "2020-04-19 14:08:35.863235"], ["updated_at", "2020-04-19 14:08:35.863235"]]
  [1m[35m (71.9ms)[0m  [1m[36mcommit transaction[0m
  [1m[35m (0.2ms)[0m  [1m[34mSELECT sqlite_version(*)[0m
  [1m[35m (0.5ms)[0m  [1m[34mSELECT "schema_migrations"."version" FROM "schema_migrations" ORDER BY "schema_migrations"."version" ASC[0m
Started GET "/" for ::1 at 2020-04-19 09:08:50 -0500
  [1m[35m (0.4ms)[0m  [1m[34mSELECT sqlite_version(*)[0m
  [1m[35m (0.2ms)[0m  [1m[34mSELECT "schema_migrations"."version" FROM "schema_migrations" ORDER BY "schema_migrations"."version" ASC[0m
Processing by Rails::WelcomeController#index as HTML
  Rendering /home/isaac/.rvm/gems/ruby-2.7.0/gems/railties-6.0.2.2/lib/rails/templates/rails/welcome/index.html.erb
  Rendered /home/isaac/.rvm/gems/ruby-2.7.0/gems/railties-6.0.2.2/lib/rails/templates/rails/welcome/index.html.erb (Duration: 4.8ms | Allocations: 294)
Completed 200 OK in 14ms (Views: 6.2ms | ActiveRecord: 0.0ms | Allocations: 4287)


Started GET "/users/sign-in" for ::1 at 2020-04-19 09:09:06 -0500
  
ActionController::RoutingError (No route matches [GET] "/users/sign-in"):
  
actionpack (6.0.2.2) lib/action_dispatch/middleware/debug_exceptions.rb:36:in `call'
web-console (4.0.1) lib/web_console/middleware.rb:132:in `call_app'
web-console (4.0.1) lib/web_console/middleware.rb:28:in `block in call'
web-console (4.0.1) lib/web_console/middleware.rb:17:in `catch'
web-console (4.0.1) lib/web_console/middleware.rb:17:in `call'
actionpack (6.0.2.2) lib/action_dispatch/middleware/show_exceptions.rb:33:in `call'
railties (6.0.2.2) lib/rails/rack/logger.rb:38:in `call_app'
railties (6.0.2.2) lib/rails/rack/logger.rb:26:in `block in call'
activesupport (6.0.2.2) lib/active_support/tagged_logging.rb:80:in `block in tagged'
activesupport (6.0.2.2) lib/active_support/tagged_logging.rb:28:in `tagged'
activesupport (6.0.2.2) lib/active_support/tagged_logging.rb:80:in `tagged'
railties (6.0.2.2) lib/rails/rack/logger.rb:26:in `call'
sprockets-rails (3.2.1) lib/sprockets/rails/quiet_assets.rb:13:in `call'
actionpack (6.0.2.2) lib/action_dispatch/middleware/remote_ip.rb:81:in `call'
actionpack (6.0.2.2) lib/action_dispatch/middleware/request_id.rb:27:in `call'
rack (2.2.2) lib/rack/method_override.rb:24:in `call'
rack (2.2.2) lib/rack/runtime.rb:22:in `call'
activesupport (6.0.2.2) lib/active_support/cache/strategy/local_cache_middleware.rb:29:in `call'
actionpack (6.0.2.2) lib/action_dispatch/middleware/executor.rb:14:in `call'
actionpack (6.0.2.2) lib/action_dispatch/middleware/static.rb:126:in `call'
rack (2.2.2) lib/rack/sendfile.rb:110:in `call'
actionpack (6.0.2.2) lib/action_dispatch/middleware/host_authorization.rb:83:in `call'
webpacker (4.2.2) lib/webpacker/dev_server_proxy.rb:23:in `perform_request'
rack-proxy (0.6.5) lib/rack/proxy.rb:57:in `call'
railties (6.0.2.2) lib/rails/engine.rb:526:in `call'
puma (4.3.3) lib/puma/configuration.rb:228:in `call'
puma (4.3.3) lib/puma/server.rb:682:in `handle_request'
puma (4.3.3) lib/puma/server.rb:472:in `process_client'
puma (4.3.3) lib/puma/server.rb:328:in `block in run'
puma (4.3.3) lib/puma/thread_pool.rb:134:in `block in spawn_thread'
Started GET "/users/sign_in" for ::1 at 2020-04-19 09:09:15 -0500
Processing by Devise::SessionsController#new as HTML
  Rendering /home/isaac/.rvm/gems/ruby-2.7.0/gems/devise-4.7.1/app/views/devise/sessions/new.html.erb within layouts/application
  Rendered /home/isaac/.rvm/gems/ruby-2.7.0/gems/devise-4.7.1/app/views/devise/shared/_links.html.erb (Duration: 2.9ms | Allocations: 592)
  Rendered /home/isaac/.rvm/gems/ruby-2.7.0/gems/devise-4.7.1/app/views/devise/sessions/new.html.erb within layouts/application (Duration: 221.6ms | Allocations: 7400)
[Webpacker] Compiling...
[Webpacker] Compiled all packs in /home/isaac/twitter/public/packs
[Webpacker] Hash: 32e57f147dbdcbbf0c82
Version: webpack 4.42.1
Time: 4338ms
Built at: 04/19/2020 9:09:26 AM
                                     Asset       Size       Chunks                         Chunk Names
    js/application-bbe9c4a129ab949e0636.js    124 KiB  application  [emitted] [immutable]  application
js/application-bbe9c4a129ab949e0636.js.map    139 KiB  application  [emitted] [dev]        application
                             manifest.json  364 bytes               [emitted]              
Entrypoint application = js/application-bbe9c4a129ab949e0636.js js/application-bbe9c4a129ab949e0636.js.map
[./app/javascript/channels sync recursive _channel\.js$] ./app/javascript/channels sync _channel\.js$ 160 bytes {application} [built]
[./app/javascript/channels/index.js] 211 bytes {application} [built]
[./app/javascript/packs/application.js] 749 bytes {application} [built]
[./node_modules/webpack/buildin/module.js] (webpack)/buildin/module.js 552 bytes {application} [built]
    + 3 hidden modules

Completed 200 OK in 11172ms (Views: 11126.7ms | ActiveRecord: 1.5ms | Allocations: 29859)


  [1m[35m (0.2ms)[0m  [1m[34mSELECT sqlite_version(*)[0m
  [1m[35m (0.1ms)[0m  [1m[34mSELECT "schema_migrations"."version" FROM "schema_migrations" ORDER BY "schema_migrations"."version" ASC[0m
Migrating to CreateTweets (20200419140947)
  [1m[35m (0.0ms)[0m  [1m[36mbegin transaction[0m
  [1m[35m (0.6ms)[0m  [1m[35mCREATE TABLE "tweets" ("id" integer PRIMARY KEY AUTOINCREMENT NOT NULL, "user_id" integer, "body" varchar, "created_at" datetime(6) NOT NULL, "updated_at" datetime(6) NOT NULL)[0m
  [1m[35m (0.1ms)[0m  [1m[35mCREATE  INDEX "index_tweets_on_user_id" ON "tweets" ("user_id")[0m
  [1m[36mprimary::SchemaMigration Create (0.2ms)[0m  [1m[32mINSERT INTO "schema_migrations" ("version") VALUES (?)[0m  [["version", "20200419140947"]]
  [1m[35m (314.1ms)[0m  [1m[36mcommit transaction[0m
  [1m[36mActiveRecord::InternalMetadata Load (0.4ms)[0m  [1m[34mSELECT "ar_internal_metadata".* FROM "ar_internal_metadata" WHERE "ar_internal_metadata"."key" = ? LIMIT ?[0m  [["key", "environment"], ["LIMIT", 1]]
  [1m[35m (0.1ms)[0m  [1m[34mSELECT sqlite_version(*)[0m
  [1m[35m (0.1ms)[0m  [1m[34mSELECT "schema_migrations"."version" FROM "schema_migrations" ORDER BY "schema_migrations"."version" ASC[0m
Started GET "/users/sign_in" for ::1 at 2020-04-19 09:21:57 -0500
  [1m[35m (0.1ms)[0m  [1m[34mSELECT sqlite_version(*)[0m
  [1m[35m (0.1ms)[0m  [1m[34mSELECT "schema_migrations"."version" FROM "schema_migrations" ORDER BY "schema_migrations"."version" ASC[0m
Processing by Devise::SessionsController#new as HTML
  Rendering /home/isaac/.rvm/gems/ruby-2.7.0/gems/devise-4.7.1/app/views/devise/sessions/new.html.erb within layouts/application
  Rendered /home/isaac/.rvm/gems/ruby-2.7.0/gems/devise-4.7.1/app/views/devise/shared/_links.html.erb (Duration: 0.2ms | Allocations: 143)
  Rendered /home/isaac/.rvm/gems/ruby-2.7.0/gems/devise-4.7.1/app/views/devise/sessions/new.html.erb within layouts/application (Duration: 1.8ms | Allocations: 1100)
[Webpacker] Everything's up-to-date. Nothing to do
Completed 200 OK in 340ms (Views: 333.8ms | ActiveRecord: 0.0ms | Allocations: 15538)


Started GET "/" for ::1 at 2020-04-19 09:22:05 -0500
Processing by TweetsController#index as HTML
Completed 401 Unauthorized in 1ms (ActiveRecord: 0.0ms | Allocations: 437)


Started GET "/users/sign_in" for ::1 at 2020-04-19 09:22:05 -0500
Processing by Devise::SessionsController#new as HTML
  Rendering /home/isaac/.rvm/gems/ruby-2.7.0/gems/devise-4.7.1/app/views/devise/sessions/new.html.erb within layouts/application
  Rendered /home/isaac/.rvm/gems/ruby-2.7.0/gems/devise-4.7.1/app/views/devise/shared/_links.html.erb (Duration: 0.1ms | Allocations: 131)
  Rendered /home/isaac/.rvm/gems/ruby-2.7.0/gems/devise-4.7.1/app/views/devise/sessions/new.html.erb within layouts/application (Duration: 1.3ms | Allocations: 1025)
[Webpacker] Everything's up-to-date. Nothing to do
Completed 200 OK in 5ms (Views: 4.6ms | ActiveRecord: 0.0ms | Allocations: 4642)


Started GET "/" for ::1 at 2020-04-19 09:22:08 -0500
Processing by TweetsController#index as HTML
Completed 401 Unauthorized in 0ms (ActiveRecord: 0.0ms | Allocations: 389)


Started GET "/users/sign_in" for ::1 at 2020-04-19 09:22:08 -0500
Processing by Devise::SessionsController#new as HTML
  Rendering /home/isaac/.rvm/gems/ruby-2.7.0/gems/devise-4.7.1/app/views/devise/sessions/new.html.erb within layouts/application
  Rendered /home/isaac/.rvm/gems/ruby-2.7.0/gems/devise-4.7.1/app/views/devise/shared/_links.html.erb (Duration: 0.1ms | Allocations: 131)
  Rendered /home/isaac/.rvm/gems/ruby-2.7.0/gems/devise-4.7.1/app/views/devise/sessions/new.html.erb within layouts/application (Duration: 1.3ms | Allocations: 1025)
[Webpacker] Everything's up-to-date. Nothing to do
Completed 200 OK in 5ms (Views: 4.4ms | ActiveRecord: 0.0ms | Allocations: 4641)


Started GET "/" for ::1 at 2020-04-19 09:22:11 -0500
Processing by TweetsController#index as HTML
Completed 401 Unauthorized in 0ms (ActiveRecord: 0.0ms | Allocations: 394)


Started GET "/users/sign_in" for ::1 at 2020-04-19 09:22:11 -0500
Processing by Devise::SessionsController#new as HTML
  Rendering /home/isaac/.rvm/gems/ruby-2.7.0/gems/devise-4.7.1/app/views/devise/sessions/new.html.erb within layouts/application
  Rendered /home/isaac/.rvm/gems/ruby-2.7.0/gems/devise-4.7.1/app/views/devise/shared/_links.html.erb (Duration: 0.2ms | Allocations: 131)
  Rendered /home/isaac/.rvm/gems/ruby-2.7.0/gems/devise-4.7.1/app/views/devise/sessions/new.html.erb within layouts/application (Duration: 1.3ms | Allocations: 1025)
[Webpacker] Everything's up-to-date. Nothing to do
Completed 200 OK in 5ms (Views: 4.4ms | ActiveRecord: 0.0ms | Allocations: 4646)


Started POST "/users/sign_in" for ::1 at 2020-04-19 09:22:19 -0500
Processing by Devise::SessionsController#create as HTML
  Parameters: {"authenticity_token"=>"AZo2WjyrNU1Urxv/7ENdpC1l3EgOQVT1NEOwWNnobYCm3SuywiyhNqNBuk1mijkSXfdZH43l/6rkxC+Dzzp24Q==", "user"=>{"email"=>"idgm@pm.me", "password"=>"[FILTERED]", "remember_me"=>"0"}, "commit"=>"Log in"}
  [1m[36mUser Load (0.5ms)[0m  [1m[34mSELECT "users".* FROM "users" WHERE "users"."email" = ? ORDER BY "users"."id" ASC LIMIT ?[0m  [["email", "idgm@pm.me"], ["LIMIT", 1]]
Completed 401 Unauthorized in 68ms (ActiveRecord: 0.5ms | Allocations: 2481)


Processing by Devise::SessionsController#new as HTML
  Parameters: {"authenticity_token"=>"AZo2WjyrNU1Urxv/7ENdpC1l3EgOQVT1NEOwWNnobYCm3SuywiyhNqNBuk1mijkSXfdZH43l/6rkxC+Dzzp24Q==", "user"=>{"email"=>"idgm@pm.me", "password"=>"[FILTERED]", "remember_me"=>"0"}, "commit"=>"Log in"}
  Rendering /home/isaac/.rvm/gems/ruby-2.7.0/gems/devise-4.7.1/app/views/devise/sessions/new.html.erb within layouts/application
  Rendered /home/isaac/.rvm/gems/ruby-2.7.0/gems/devise-4.7.1/app/views/devise/shared/_links.html.erb (Duration: 0.1ms | Allocations: 131)
  Rendered /home/isaac/.rvm/gems/ruby-2.7.0/gems/devise-4.7.1/app/views/devise/sessions/new.html.erb within layouts/application (Duration: 1.3ms | Allocations: 1028)
[Webpacker] Everything's up-to-date. Nothing to do
Completed 200 OK in 1524ms (Views: 4.8ms | ActiveRecord: 0.0ms | Allocations: 5458)


Started GET "/users/sign_up" for ::1 at 2020-04-19 09:22:25 -0500
Processing by Devise::RegistrationsController#new as HTML
  Rendering /home/isaac/.rvm/gems/ruby-2.7.0/gems/devise-4.7.1/app/views/devise/registrations/new.html.erb within layouts/application
  Rendered /home/isaac/.rvm/gems/ruby-2.7.0/gems/devise-4.7.1/app/views/devise/shared/_error_messages.html.erb (Duration: 228.7ms | Allocations: 196)
  Rendered /home/isaac/.rvm/gems/ruby-2.7.0/gems/devise-4.7.1/app/views/devise/shared/_links.html.erb (Duration: 0.7ms | Allocations: 119)
  Rendered /home/isaac/.rvm/gems/ruby-2.7.0/gems/devise-4.7.1/app/views/devise/registrations/new.html.erb within layouts/application (Duration: 452.1ms | Allocations: 1880)
[Webpacker] Everything's up-to-date. Nothing to do
Completed 200 OK in 467ms (Views: 465.0ms | ActiveRecord: 0.0ms | Allocations: 6233)


Started POST "/users" for ::1 at 2020-04-19 09:22:37 -0500
Processing by Devise::RegistrationsController#create as HTML
  Parameters: {"authenticity_token"=>"VLsGGgIWt2/v8sSZCZCrIpH4Ach7uvz+4jXoR7kuncHz/Bvy/JEjFBgcZSuDWc+U4WqEn/geV6Eysnecr/yGoA==", "user"=>{"email"=>"idgm@pm.me", "password"=>"[FILTERED]", "password_confirmation"=>"[FILTERED]"}, "commit"=>"Sign up"}
  [1m[35m (0.0ms)[0m  [1m[36mbegin transaction[0m
  [1m[36mUser Exists? (0.1ms)[0m  [1m[34mSELECT 1 AS one FROM "users" WHERE "users"."email" = ? LIMIT ?[0m  [["email", "idgm@pm.me"], ["LIMIT", 1]]
  [1m[36mUser Create (0.3ms)[0m  [1m[32mINSERT INTO "users" ("email", "encrypted_password", "created_at", "updated_at") VALUES (?, ?, ?, ?)[0m  [["email", "idgm@pm.me"], ["encrypted_password", "$2a$11$gkBOB4zn1KYMFosFfb6cfee4Zb7hhhTn72q3HWTUMOdHBwMc8lhXO"], ["created_at", "2020-04-19 14:22:37.818229"], ["updated_at", "2020-04-19 14:22:37.818229"]]
  [1m[35m (1280.0ms)[0m  [1m[36mcommit transaction[0m
Redirected to http://localhost:3000/
Completed 302 Found in 1415ms (ActiveRecord: 1280.5ms | Allocations: 9287)


Started GET "/" for ::1 at 2020-04-19 09:22:39 -0500
Processing by TweetsController#index as HTML
  [1m[36mUser Load (0.5ms)[0m  [1m[34mSELECT "users".* FROM "users" WHERE "users"."id" = ? ORDER BY "users"."id" ASC LIMIT ?[0m  [["id", 1], ["LIMIT", 1]]
  Rendering tweets/index.html.erb within layouts/application
  [1m[36mTweet Load (0.3ms)[0m  [1m[34mSELECT "tweets".* FROM "tweets"[0m
  ↳ app/views/tweets/index.html.erb:2
  Rendered tweets/index.html.erb within layouts/application (Duration: 5.2ms | Allocations: 1117)
[Webpacker] Everything's up-to-date. Nothing to do
Completed 200 OK in 155ms (Views: 15.9ms | ActiveRecord: 1.4ms | Allocations: 9516)


Started GET "/" for ::1 at 2020-04-19 09:22:43 -0500
Processing by TweetsController#index as HTML
  [1m[36mUser Load (0.2ms)[0m  [1m[34mSELECT "users".* FROM "users" WHERE "users"."id" = ? ORDER BY "users"."id" ASC LIMIT ?[0m  [["id", 1], ["LIMIT", 1]]
  Rendering tweets/index.html.erb within layouts/application
  [1m[36mTweet Load (0.2ms)[0m  [1m[34mSELECT "tweets".* FROM "tweets"[0m
  ↳ app/views/tweets/index.html.erb:2
  Rendered tweets/index.html.erb within layouts/application (Duration: 2.5ms | Allocations: 604)
[Webpacker] Everything's up-to-date. Nothing to do
Completed 200 OK in 20ms (Views: 13.3ms | ActiveRecord: 0.4ms | Allocations: 5343)


  [1m[35m (0.3ms)[0m  [1m[34mSELECT sqlite_version(*)[0m
Started GET "/" for ::1 at 2020-04-19 10:01:54 -0500
  [1m[35m (0.3ms)[0m  [1m[34mSELECT sqlite_version(*)[0m
  [1m[35m (0.1ms)[0m  [1m[34mSELECT "schema_migrations"."version" FROM "schema_migrations" ORDER BY "schema_migrations"."version" ASC[0m
Processing by TweetsController#index as HTML
  [1m[36mUser Load (0.2ms)[0m  [1m[34mSELECT "users".* FROM "users" WHERE "users"."id" = ? ORDER BY "users"."id" ASC LIMIT ?[0m  [["id", 1], ["LIMIT", 1]]
  Rendering tweets/index.html.erb within layouts/application
  [1m[36mTweet Load (0.1ms)[0m  [1m[34mSELECT "tweets".* FROM "tweets"[0m
  ↳ app/views/tweets/index.html.erb:2
  Rendered tweets/index.html.erb within layouts/application (Duration: 1.9ms | Allocations: 1248)
[Webpacker] Everything's up-to-date. Nothing to do
Completed 200 OK in 47ms (Views: 32.0ms | ActiveRecord: 1.1ms | Allocations: 28499)


Started GET "/users/edit" for ::1 at 2020-04-19 10:02:00 -0500
Processing by Devise::RegistrationsController#edit as HTML
  [1m[36mUser Load (0.1ms)[0m  [1m[34mSELECT "users".* FROM "users" WHERE "users"."id" = ? ORDER BY "users"."id" ASC LIMIT ?[0m  [["id", 1], ["LIMIT", 1]]
  Rendering /home/isaac/.rvm/gems/ruby-2.7.0/gems/devise-4.7.1/app/views/devise/registrations/edit.html.erb within layouts/application
  Rendered /home/isaac/.rvm/gems/ruby-2.7.0/gems/devise-4.7.1/app/views/devise/shared/_error_messages.html.erb (Duration: 0.8ms | Allocations: 198)
  Rendered /home/isaac/.rvm/gems/ruby-2.7.0/gems/devise-4.7.1/app/views/devise/registrations/edit.html.erb within layouts/application (Duration: 47.6ms | Allocations: 4730)
[Webpacker] Everything's up-to-date. Nothing to do
Completed 200 OK in 63ms (Views: 59.8ms | ActiveRecord: 0.1ms | Allocations: 10939)


Started GET "/users/1/profile" for ::1 at 2020-04-19 10:02:02 -0500
Processing by UsersController#profile as HTML
  Parameters: {"user_id"=>"1"}
  [1m[36mUser Load (0.2ms)[0m  [1m[34mSELECT "users".* FROM "users" WHERE "users"."id" = ? LIMIT ?[0m  [["id", 1], ["LIMIT", 1]]
  ↳ app/controllers/users_controller.rb:4:in `profile'
  Rendering users/profile.html.erb within layouts/application
  [1m[35m (0.1ms)[0m  [1m[34mSELECT COUNT(*) FROM "tweets" WHERE "tweets"."user_id" = ?[0m  [["user_id", 1]]
  ↳ app/views/users/profile.html.erb:3
  [1m[36mTweet Load (0.1ms)[0m  [1m[34mSELECT "tweets".* FROM "tweets"[0m
  ↳ app/views/users/profile.html.erb:7
  Rendered users/profile.html.erb within layouts/application (Duration: 11.3ms | Allocations: 2375)
[Webpacker] Everything's up-to-date. Nothing to do
  [1m[36mUser Load (0.1ms)[0m  [1m[34mSELECT "users".* FROM "users" WHERE "users"."id" = ? ORDER BY "users"."id" ASC LIMIT ?[0m  [["id", 1], ["LIMIT", 1]]
  ↳ app/views/layouts/application.html.erb:15
Completed 200 OK in 91ms (Views: 28.4ms | ActiveRecord: 0.5ms | Allocations: 11281)


Started GET "/users/1/profile" for ::1 at 2020-04-19 10:02:11 -0500
Processing by UsersController#profile as HTML
  Parameters: {"user_id"=>"1"}
  [1m[36mUser Load (0.3ms)[0m  [1m[34mSELECT "users".* FROM "users" WHERE "users"."id" = ? LIMIT ?[0m  [["id", 1], ["LIMIT", 1]]
  ↳ app/controllers/users_controller.rb:4:in `profile'
  Rendering users/profile.html.erb within layouts/application
  [1m[35m (0.3ms)[0m  [1m[34mSELECT COUNT(*) FROM "tweets" WHERE "tweets"."user_id" = ?[0m  [["user_id", 1]]
  ↳ app/views/users/profile.html.erb:3
  [1m[36mTweet Load (0.2ms)[0m  [1m[34mSELECT "tweets".* FROM "tweets"[0m
  ↳ app/views/users/profile.html.erb:7
  Rendered users/profile.html.erb within layouts/application (Duration: 6.7ms | Allocations: 1275)
[Webpacker] Everything's up-to-date. Nothing to do
  [1m[36mUser Load (0.1ms)[0m  [1m[34mSELECT "users".* FROM "users" WHERE "users"."id" = ? ORDER BY "users"."id" ASC LIMIT ?[0m  [["id", 1], ["LIMIT", 1]]
  ↳ app/views/layouts/application.html.erb:15
Completed 200 OK in 19ms (Views: 14.3ms | ActiveRecord: 0.8ms | Allocations: 6212)


Started GET "/" for ::1 at 2020-04-19 10:02:17 -0500
Processing by TweetsController#index as HTML
  [1m[36mUser Load (0.2ms)[0m  [1m[34mSELECT "users".* FROM "users" WHERE "users"."id" = ? ORDER BY "users"."id" ASC LIMIT ?[0m  [["id", 1], ["LIMIT", 1]]
  Rendering tweets/index.html.erb within layouts/application
  [1m[36mTweet Load (0.1ms)[0m  [1m[34mSELECT "tweets".* FROM "tweets"[0m
  ↳ app/views/tweets/index.html.erb:2
  Rendered tweets/index.html.erb within layouts/application (Duration: 1.7ms | Allocations: 608)
[Webpacker] Everything's up-to-date. Nothing to do
Completed 200 OK in 13ms (Views: 7.9ms | ActiveRecord: 0.4ms | Allocations: 5555)


Started GET "/" for ::1 at 2020-04-19 10:03:38 -0500
Processing by TweetsController#index as HTML
  [1m[36mUser Load (0.1ms)[0m  [1m[34mSELECT "users".* FROM "users" WHERE "users"."id" = ? ORDER BY "users"."id" ASC LIMIT ?[0m  [["id", 1], ["LIMIT", 1]]
  Rendering tweets/index.html.erb within layouts/application
  [1m[36mTweet Load (0.1ms)[0m  [1m[34mSELECT "tweets".* FROM "tweets"[0m
  ↳ app/views/tweets/index.html.erb:2
  Rendered tweets/index.html.erb within layouts/application (Duration: 1.7ms | Allocations: 834)
[Webpacker] Everything's up-to-date. Nothing to do
Completed 200 OK in 12ms (Views: 8.6ms | ActiveRecord: 0.2ms | Allocations: 6952)


Started GET "/" for ::1 at 2020-04-19 10:03:51 -0500
Processing by TweetsController#index as HTML
  [1m[36mUser Load (0.1ms)[0m  [1m[34mSELECT "users".* FROM "users" WHERE "users"."id" = ? ORDER BY "users"."id" ASC LIMIT ?[0m  [["id", 1], ["LIMIT", 1]]
  Rendering tweets/index.html.erb within layouts/application
  [1m[36mTweet Load (0.1ms)[0m  [1m[34mSELECT "tweets".* FROM "tweets"[0m
  ↳ app/views/tweets/index.html.erb:2
  Rendered tweets/index.html.erb within layouts/application (Duration: 1.7ms | Allocations: 831)
[Webpacker] Everything's up-to-date. Nothing to do
Completed 200 OK in 11ms (Views: 8.3ms | ActiveRecord: 0.2ms | Allocations: 6926)


Started GET "/" for ::1 at 2020-04-19 10:04:09 -0500
Processing by TweetsController#index as HTML
  [1m[36mUser Load (0.1ms)[0m  [1m[34mSELECT "users".* FROM "users" WHERE "users"."id" = ? ORDER BY "users"."id" ASC LIMIT ?[0m  [["id", 1], ["LIMIT", 1]]
  Rendering tweets/index.html.erb within layouts/application
  [1m[36mTweet Load (0.1ms)[0m  [1m[34mSELECT "tweets".* FROM "tweets"[0m
  ↳ app/views/tweets/index.html.erb:2
  Rendered tweets/index.html.erb within layouts/application (Duration: 1.7ms | Allocations: 832)
[Webpacker] Everything's up-to-date. Nothing to do
Completed 200 OK in 11ms (Views: 8.2ms | ActiveRecord: 0.2ms | Allocations: 6950)


Started GET "/" for ::1 at 2020-04-19 10:04:24 -0500
Processing by TweetsController#index as HTML
  [1m[36mUser Load (0.1ms)[0m  [1m[34mSELECT "users".* FROM "users" WHERE "users"."id" = ? ORDER BY "users"."id" ASC LIMIT ?[0m  [["id", 1], ["LIMIT", 1]]
  Rendering tweets/index.html.erb within layouts/application
  [1m[36mTweet Load (0.1ms)[0m  [1m[34mSELECT "tweets".* FROM "tweets"[0m
  ↳ app/views/tweets/index.html.erb:2
  Rendered tweets/index.html.erb within layouts/application (Duration: 1.8ms | Allocations: 831)
[Webpacker] Everything's up-to-date. Nothing to do
Completed 200 OK in 12ms (Views: 8.6ms | ActiveRecord: 0.2ms | Allocations: 6927)


Started GET "/" for ::1 at 2020-04-19 10:05:02 -0500
Processing by TweetsController#index as HTML
  [1m[36mUser Load (0.1ms)[0m  [1m[34mSELECT "users".* FROM "users" WHERE "users"."id" = ? ORDER BY "users"."id" ASC LIMIT ?[0m  [["id", 1], ["LIMIT", 1]]
  Rendering tweets/index.html.erb within layouts/application
  [1m[36mTweet Load (0.1ms)[0m  [1m[34mSELECT "tweets".* FROM "tweets"[0m
  ↳ app/views/tweets/index.html.erb:2
  Rendered tweets/index.html.erb within layouts/application (Duration: 1.7ms | Allocations: 831)
[Webpacker] Everything's up-to-date. Nothing to do
Completed 200 OK in 21ms (Views: 16.7ms | ActiveRecord: 0.2ms | Allocations: 12901)


Started GET "/" for ::1 at 2020-04-19 10:05:16 -0500
Processing by TweetsController#index as HTML
  [1m[36mUser Load (0.2ms)[0m  [1m[34mSELECT "users".* FROM "users" WHERE "users"."id" = ? ORDER BY "users"."id" ASC LIMIT ?[0m  [["id", 1], ["LIMIT", 1]]
  Rendering tweets/index.html.erb within layouts/application
  [1m[36mTweet Load (0.1ms)[0m  [1m[34mSELECT "tweets".* FROM "tweets"[0m
  ↳ app/views/tweets/index.html.erb:2
  Rendered tweets/index.html.erb within layouts/application (Duration: 1.3ms | Allocations: 605)
[Webpacker] Everything's up-to-date. Nothing to do
Completed 200 OK in 19ms (Views: 14.7ms | ActiveRecord: 0.3ms | Allocations: 10695)


Started GET "/tweets/new" for ::1 at 2020-04-19 10:05:18 -0500
Processing by TweetsController#new as HTML
  [1m[36mUser Load (0.2ms)[0m  [1m[34mSELECT "users".* FROM "users" WHERE "users"."id" = ? ORDER BY "users"."id" ASC LIMIT ?[0m  [["id", 1], ["LIMIT", 1]]
  Rendering tweets/new.html.erb within layouts/application
  Rendered tweets/_form.html.erb (Duration: 3.6ms | Allocations: 923)
  Rendered tweets/new.html.erb within layouts/application (Duration: 5.2ms | Allocations: 1250)
[Webpacker] Everything's up-to-date. Nothing to do
Completed 200 OK in 27ms (Views: 11.7ms | ActiveRecord: 0.8ms | Allocations: 8599)


Started POST "/tweets" for ::1 at 2020-04-19 10:05:30 -0500
Processing by TweetsController#create as HTML
  Parameters: {"authenticity_token"=>"l0sQp01+WzO3rlRH22BZyOojh3AwYyqebS5ZA8aefktCt/MHsziAHu2tGDI+VElLmEfdAtBiVPTvYiZIi0YFzg==", "tweet"=>{"body"=>"First Tweet!"}, "commit"=>"Create Tweet"}
  [1m[36mUser Load (0.1ms)[0m  [1m[34mSELECT "users".* FROM "users" WHERE "users"."id" = ? ORDER BY "users"."id" ASC LIMIT ?[0m  [["id", 1], ["LIMIT", 1]]
  [1m[35m (0.1ms)[0m  [1m[36mbegin transaction[0m
  ↳ app/controllers/tweets_controller.rb:14:in `create'
  [1m[36mUser Load (0.2ms)[0m  [1m[34mSELECT "users".* FROM "users" WHERE "users"."id" = ? LIMIT ?[0m  [["id", 1], ["LIMIT", 1]]
  ↳ app/controllers/tweets_controller.rb:14:in `create'
  [1m[36mTweet Create (0.7ms)[0m  [1m[32mINSERT INTO "tweets" ("user_id", "body", "created_at", "updated_at") VALUES (?, ?, ?, ?)[0m  [["user_id", 1], ["body", "First Tweet!"], ["created_at", "2020-04-19 15:05:30.313826"], ["updated_at", "2020-04-19 15:05:30.313826"]]
  ↳ app/controllers/tweets_controller.rb:14:in `create'
  [1m[35m (106.9ms)[0m  [1m[36mcommit transaction[0m
  ↳ app/controllers/tweets_controller.rb:14:in `create'
Redirected to http://localhost:3000/tweets#index
Completed 302 Found in 194ms (ActiveRecord: 108.0ms | Allocations: 7455)


Started GET "/tweets" for ::1 at 2020-04-19 10:05:30 -0500
Processing by TweetsController#index as HTML
  [1m[36mUser Load (0.2ms)[0m  [1m[34mSELECT "users".* FROM "users" WHERE "users"."id" = ? ORDER BY "users"."id" ASC LIMIT ?[0m  [["id", 1], ["LIMIT", 1]]
  Rendering tweets/index.html.erb within layouts/application
  [1m[36mTweet Load (0.2ms)[0m  [1m[34mSELECT "tweets".* FROM "tweets"[0m
  ↳ app/views/tweets/index.html.erb:2
  [1m[36mUser Load (0.2ms)[0m  [1m[34mSELECT "users".* FROM "users" WHERE "users"."id" = ? LIMIT ?[0m  [["id", 1], ["LIMIT", 1]]
  ↳ app/views/tweets/index.html.erb:4
  Rendered tweets/index.html.erb within layouts/application (Duration: 6.0ms | Allocations: 1383)
[Webpacker] Everything's up-to-date. Nothing to do
Completed 200 OK in 20ms (Views: 13.6ms | ActiveRecord: 0.6ms | Allocations: 6286)


Started GET "/tweets" for ::1 at 2020-04-19 10:05:40 -0500
Processing by TweetsController#index as HTML
  [1m[36mUser Load (0.2ms)[0m  [1m[34mSELECT "users".* FROM "users" WHERE "users"."id" = ? ORDER BY "users"."id" ASC LIMIT ?[0m  [["id", 1], ["LIMIT", 1]]
  Rendering tweets/index.html.erb within layouts/application
  [1m[36mTweet Load (0.1ms)[0m  [1m[34mSELECT "tweets".* FROM "tweets"[0m
  ↳ app/views/tweets/index.html.erb:2
  [1m[36mUser Load (0.1ms)[0m  [1m[34mSELECT "users".* FROM "users" WHERE "users"."id" = ? LIMIT ?[0m  [["id", 1], ["LIMIT", 1]]
  ↳ app/views/tweets/index.html.erb:4
  Rendered tweets/index.html.erb within layouts/application (Duration: 3.9ms | Allocations: 1367)
[Webpacker] Everything's up-to-date. Nothing to do
Completed 200 OK in 20ms (Views: 14.2ms | ActiveRecord: 0.5ms | Allocations: 6273)


Started GET "/tweets" for ::1 at 2020-04-19 10:08:23 -0500
Processing by TweetsController#index as HTML
  [1m[36mUser Load (0.1ms)[0m  [1m[34mSELECT "users".* FROM "users" WHERE "users"."id" = ? ORDER BY "users"."id" ASC LIMIT ?[0m  [["id", 1], ["LIMIT", 1]]
  Rendering tweets/index.html.erb within layouts/application
  [1m[36mTweet Load (0.1ms)[0m  [1m[34mSELECT "tweets".* FROM "tweets"[0m
  ↳ app/views/tweets/index.html.erb:2
  [1m[36mUser Load (0.1ms)[0m  [1m[34mSELECT "users".* FROM "users" WHERE "users"."id" = ? LIMIT ?[0m  [["id", 1], ["LIMIT", 1]]
  ↳ app/views/tweets/index.html.erb:4
  Rendered tweets/index.html.erb within layouts/application (Duration: 2.4ms | Allocations: 1611)
[Webpacker] Everything's up-to-date. Nothing to do
Completed 200 OK in 20ms (Views: 17.2ms | ActiveRecord: 0.2ms | Allocations: 12867)


Started GET "/tweets/new" for ::1 at 2020-04-19 10:08:27 -0500
Processing by TweetsController#new as HTML
  [1m[36mUser Load (0.1ms)[0m  [1m[34mSELECT "users".* FROM "users" WHERE "users"."id" = ? ORDER BY "users"."id" ASC LIMIT ?[0m  [["id", 1], ["LIMIT", 1]]
  Rendering tweets/new.html.erb within layouts/application
  Rendered tweets/_form.html.erb (Duration: 1.5ms | Allocations: 774)
  Rendered tweets/new.html.erb within layouts/application (Duration: 2.4ms | Allocations: 1099)
[Webpacker] Everything's up-to-date. Nothing to do
Completed 200 OK in 9ms (Views: 6.6ms | ActiveRecord: 0.1ms | Allocations: 6165)


Started GET "/tweets" for ::1 at 2020-04-19 10:08:29 -0500
Processing by TweetsController#index as HTML
  [1m[36mUser Load (0.2ms)[0m  [1m[34mSELECT "users".* FROM "users" WHERE "users"."id" = ? ORDER BY "users"."id" ASC LIMIT ?[0m  [["id", 1], ["LIMIT", 1]]
  Rendering tweets/index.html.erb within layouts/application
  [1m[36mTweet Load (0.1ms)[0m  [1m[34mSELECT "tweets".* FROM "tweets"[0m
  ↳ app/views/tweets/index.html.erb:2
  [1m[36mUser Load (0.1ms)[0m  [1m[34mSELECT "users".* FROM "users" WHERE "users"."id" = ? LIMIT ?[0m  [["id", 1], ["LIMIT", 1]]
  ↳ app/views/tweets/index.html.erb:4
  Rendered tweets/index.html.erb within layouts/application (Duration: 2.8ms | Allocations: 1377)
[Webpacker] Everything's up-to-date. Nothing to do
Completed 200 OK in 10ms (Views: 7.3ms | ActiveRecord: 0.4ms | Allocations: 6295)


Started GET "/tweets" for ::1 at 2020-04-19 10:08:51 -0500
Processing by TweetsController#index as HTML
  [1m[36mUser Load (0.1ms)[0m  [1m[34mSELECT "users".* FROM "users" WHERE "users"."id" = ? ORDER BY "users"."id" ASC LIMIT ?[0m  [["id", 1], ["LIMIT", 1]]
  Rendering tweets/index.html.erb within layouts/application
  [1m[36mTweet Load (0.1ms)[0m  [1m[34mSELECT "tweets".* FROM "tweets"[0m
  ↳ app/views/tweets/index.html.erb:2
  [1m[36mUser Load (0.1ms)[0m  [1m[34mSELECT "users".* FROM "users" WHERE "users"."id" = ? LIMIT ?[0m  [["id", 1], ["LIMIT", 1]]
  ↳ app/views/tweets/index.html.erb:4
  Rendered tweets/index.html.erb within layouts/application (Duration: 2.3ms | Allocations: 1607)
[Webpacker] Everything's up-to-date. Nothing to do
Completed 200 OK in 9ms (Views: 6.9ms | ActiveRecord: 0.2ms | Allocations: 7674)


Started GET "/tweets" for ::1 at 2020-04-19 10:09:34 -0500
Processing by TweetsController#index as HTML
  [1m[36mUser Load (0.2ms)[0m  [1m[34mSELECT "users".* FROM "users" WHERE "users"."id" = ? ORDER BY "users"."id" ASC LIMIT ?[0m  [["id", 1], ["LIMIT", 1]]
  Rendering tweets/index.html.erb within layouts/application
  [1m[36mTweet Load (0.2ms)[0m  [1m[34mSELECT "tweets".* FROM "tweets"[0m
  ↳ app/views/tweets/index.html.erb:2
  [1m[36mUser Load (0.2ms)[0m  [1m[34mSELECT "users".* FROM "users" WHERE "users"."id" = ? LIMIT ?[0m  [["id", 1], ["LIMIT", 1]]
  ↳ app/views/tweets/index.html.erb:4
  Rendered tweets/index.html.erb within layouts/application (Duration: 5.5ms | Allocations: 1615)
[Webpacker] Everything's up-to-date. Nothing to do
Completed 200 OK in 21ms (Views: 13.8ms | ActiveRecord: 0.6ms | Allocations: 7692)


Started GET "/tweets" for ::1 at 2020-04-19 10:10:17 -0500
Processing by TweetsController#index as HTML
  [1m[36mUser Load (0.1ms)[0m  [1m[34mSELECT "users".* FROM "users" WHERE "users"."id" = ? ORDER BY "users"."id" ASC LIMIT ?[0m  [["id", 1], ["LIMIT", 1]]
  Rendering tweets/index.html.erb within layouts/application
  [1m[36mTweet Load (0.1ms)[0m  [1m[34mSELECT "tweets".* FROM "tweets"[0m
  ↳ app/views/tweets/index.html.erb:2
  [1m[36mUser Load (0.1ms)[0m  [1m[34mSELECT "users".* FROM "users" WHERE "users"."id" = ? LIMIT ?[0m  [["id", 1], ["LIMIT", 1]]
  ↳ app/views/tweets/index.html.erb:4
  Rendered tweets/index.html.erb within layouts/application (Duration: 1.8ms | Allocations: 1377)
[Webpacker] Everything's up-to-date. Nothing to do
Completed 200 OK in 13ms (Views: 11.0ms | ActiveRecord: 0.2ms | Allocations: 11471)


Started GET "/tweets" for ::1 at 2020-04-19 10:10:50 -0500
Processing by TweetsController#index as HTML
  [1m[36mUser Load (0.2ms)[0m  [1m[34mSELECT "users".* FROM "users" WHERE "users"."id" = ? ORDER BY "users"."id" ASC LIMIT ?[0m  [["id", 1], ["LIMIT", 1]]
  Rendering tweets/index.html.erb within layouts/application
  [1m[36mTweet Load (0.2ms)[0m  [1m[34mSELECT "tweets".* FROM "tweets"[0m
  ↳ app/views/tweets/index.html.erb:2
  [1m[36mUser Load (0.2ms)[0m  [1m[34mSELECT "users".* FROM "users" WHERE "users"."id" = ? LIMIT ?[0m  [["id", 1], ["LIMIT", 1]]
  ↳ app/views/tweets/index.html.erb:4
  Rendered tweets/index.html.erb within layouts/application (Duration: 5.1ms | Allocations: 1375)
[Webpacker] Everything's up-to-date. Nothing to do
Completed 200 OK in 35ms (Views: 29.7ms | ActiveRecord: 0.6ms | Allocations: 11479)


Started GET "/tweets" for ::1 at 2020-04-19 10:11:25 -0500
Processing by TweetsController#index as HTML
  [1m[36mUser Load (0.1ms)[0m  [1m[34mSELECT "users".* FROM "users" WHERE "users"."id" = ? ORDER BY "users"."id" ASC LIMIT ?[0m  [["id", 1], ["LIMIT", 1]]
  Rendering tweets/index.html.erb within layouts/application
  [1m[36mTweet Load (0.1ms)[0m  [1m[34mSELECT "tweets".* FROM "tweets"[0m
  ↳ app/views/tweets/index.html.erb:2
  [1m[36mUser Load (0.1ms)[0m  [1m[34mSELECT "users".* FROM "users" WHERE "users"."id" = ? LIMIT ?[0m  [["id", 1], ["LIMIT", 1]]
  ↳ app/views/tweets/index.html.erb:4
  Rendered tweets/index.html.erb within layouts/application (Duration: 2.2ms | Allocations: 1624)
[Webpacker] Everything's up-to-date. Nothing to do
Completed 200 OK in 9ms (Views: 6.5ms | ActiveRecord: 0.2ms | Allocations: 7711)


Started GET "/users/1/profile" for ::1 at 2020-04-19 10:11:48 -0500
Processing by UsersController#profile as HTML
  Parameters: {"user_id"=>"1"}
  [1m[36mUser Load (0.2ms)[0m  [1m[34mSELECT "users".* FROM "users" WHERE "users"."id" = ? LIMIT ?[0m  [["id", 1], ["LIMIT", 1]]
  ↳ app/controllers/users_controller.rb:4:in `profile'
  Rendering users/profile.html.erb within layouts/application
  [1m[35m (0.2ms)[0m  [1m[34mSELECT COUNT(*) FROM "tweets" WHERE "tweets"."user_id" = ?[0m  [["user_id", 1]]
  ↳ app/views/users/profile.html.erb:3
  [1m[36mTweet Load (0.1ms)[0m  [1m[34mSELECT "tweets".* FROM "tweets"[0m
  ↳ app/views/users/profile.html.erb:7
  [1m[36mUser Load (0.1ms)[0m  [1m[34mSELECT "users".* FROM "users" WHERE "users"."id" = ? LIMIT ?[0m  [["id", 1], ["LIMIT", 1]]
  ↳ app/views/users/profile.html.erb:8
  Rendered users/profile.html.erb within layouts/application (Duration: 5.0ms | Allocations: 2300)
[Webpacker] Everything's up-to-date. Nothing to do
  [1m[36mUser Load (0.1ms)[0m  [1m[34mSELECT "users".* FROM "users" WHERE "users"."id" = ? ORDER BY "users"."id" ASC LIMIT ?[0m  [["id", 1], ["LIMIT", 1]]
  ↳ app/views/layouts/application.html.erb:15
Completed 200 OK in 15ms (Views: 11.8ms | ActiveRecord: 0.7ms | Allocations: 7868)


Started GET "/users/1/profile" for ::1 at 2020-04-19 10:12:10 -0500
Processing by UsersController#profile as HTML
  Parameters: {"user_id"=>"1"}
  [1m[36mUser Load (0.1ms)[0m  [1m[34mSELECT "users".* FROM "users" WHERE "users"."id" = ? LIMIT ?[0m  [["id", 1], ["LIMIT", 1]]
  ↳ app/controllers/users_controller.rb:4:in `profile'
  Rendering users/profile.html.erb within layouts/application
  [1m[35m (0.2ms)[0m  [1m[34mSELECT COUNT(*) FROM "tweets" WHERE "tweets"."user_id" = ?[0m  [["user_id", 1]]
  ↳ app/views/users/profile.html.erb:3
  [1m[36mTweet Load (0.1ms)[0m  [1m[34mSELECT "tweets".* FROM "tweets"[0m
  ↳ app/views/users/profile.html.erb:7
  [1m[36mUser Load (0.1ms)[0m  [1m[34mSELECT "users".* FROM "users" WHERE "users"."id" = ? LIMIT ?[0m  [["id", 1], ["LIMIT", 1]]
  ↳ app/views/users/profile.html.erb:8
  Rendered users/profile.html.erb within layouts/application (Duration: 4.4ms | Allocations: 2057)
[Webpacker] Everything's up-to-date. Nothing to do
  [1m[36mUser Load (0.1ms)[0m  [1m[34mSELECT "users".* FROM "users" WHERE "users"."id" = ? ORDER BY "users"."id" ASC LIMIT ?[0m  [["id", 1], ["LIMIT", 1]]
  ↳ app/views/layouts/application.html.erb:15
Completed 200 OK in 13ms (Views: 10.5ms | ActiveRecord: 0.7ms | Allocations: 6931)


Started GET "/tweets" for ::1 at 2020-04-19 10:12:12 -0500
Processing by TweetsController#index as HTML
  [1m[36mUser Load (0.1ms)[0m  [1m[34mSELECT "users".* FROM "users" WHERE "users"."id" = ? ORDER BY "users"."id" ASC LIMIT ?[0m  [["id", 1], ["LIMIT", 1]]
  Rendering tweets/index.html.erb within layouts/application
  [1m[36mTweet Load (0.1ms)[0m  [1m[34mSELECT "tweets".* FROM "tweets"[0m
  ↳ app/views/tweets/index.html.erb:2
  [1m[36mUser Load (0.1ms)[0m  [1m[34mSELECT "users".* FROM "users" WHERE "users"."id" = ? LIMIT ?[0m  [["id", 1], ["LIMIT", 1]]
  ↳ app/views/tweets/index.html.erb:4
  Rendered tweets/index.html.erb within layouts/application (Duration: 2.2ms | Allocations: 1389)
[Webpacker] Everything's up-to-date. Nothing to do
Completed 200 OK in 8ms (Views: 6.0ms | ActiveRecord: 0.3ms | Allocations: 6305)


Started GET "/tweets" for ::1 at 2020-04-19 10:12:15 -0500
Processing by TweetsController#index as HTML
  [1m[36mUser Load (0.1ms)[0m  [1m[34mSELECT "users".* FROM "users" WHERE "users"."id" = ? ORDER BY "users"."id" ASC LIMIT ?[0m  [["id", 1], ["LIMIT", 1]]
  Rendering tweets/index.html.erb within layouts/application
  [1m[36mTweet Load (0.1ms)[0m  [1m[34mSELECT "tweets".* FROM "tweets"[0m
  ↳ app/views/tweets/index.html.erb:2
  [1m[36mUser Load (0.1ms)[0m  [1m[34mSELECT "users".* FROM "users" WHERE "users"."id" = ? LIMIT ?[0m  [["id", 1], ["LIMIT", 1]]
  ↳ app/views/tweets/index.html.erb:4
  Rendered tweets/index.html.erb within layouts/application (Duration: 2.2ms | Allocations: 1382)
[Webpacker] Everything's up-to-date. Nothing to do
Completed 200 OK in 9ms (Views: 6.3ms | ActiveRecord: 0.3ms | Allocations: 6278)


Started GET "/users/1/profile" for ::1 at 2020-04-19 10:12:26 -0500
Processing by UsersController#profile as HTML
  Parameters: {"user_id"=>"1"}
  [1m[36mUser Load (0.1ms)[0m  [1m[34mSELECT "users".* FROM "users" WHERE "users"."id" = ? LIMIT ?[0m  [["id", 1], ["LIMIT", 1]]
  ↳ app/controllers/users_controller.rb:4:in `profile'
  Rendering users/profile.html.erb within layouts/application
  [1m[35m (0.2ms)[0m  [1m[34mSELECT COUNT(*) FROM "tweets" WHERE "tweets"."user_id" = ?[0m  [["user_id", 1]]
  ↳ app/views/users/profile.html.erb:3
  [1m[36mTweet Load (0.1ms)[0m  [1m[34mSELECT "tweets".* FROM "tweets"[0m
  ↳ app/views/users/profile.html.erb:7
  [1m[36mUser Load (0.1ms)[0m  [1m[34mSELECT "users".* FROM "users" WHERE "users"."id" = ? LIMIT ?[0m  [["id", 1], ["LIMIT", 1]]
  ↳ app/views/users/profile.html.erb:8
  Rendered users/profile.html.erb within layouts/application (Duration: 4.2ms | Allocations: 2058)
[Webpacker] Everything's up-to-date. Nothing to do
  [1m[36mUser Load (0.1ms)[0m  [1m[34mSELECT "users".* FROM "users" WHERE "users"."id" = ? ORDER BY "users"."id" ASC LIMIT ?[0m  [["id", 1], ["LIMIT", 1]]
  ↳ app/views/layouts/application.html.erb:15
Completed 200 OK in 13ms (Views: 10.6ms | ActiveRecord: 0.6ms | Allocations: 6964)


Started GET "/tweets" for ::1 at 2020-04-19 10:12:34 -0500
Processing by TweetsController#index as HTML
  [1m[36mUser Load (0.1ms)[0m  [1m[34mSELECT "users".* FROM "users" WHERE "users"."id" = ? ORDER BY "users"."id" ASC LIMIT ?[0m  [["id", 1], ["LIMIT", 1]]
  Rendering tweets/index.html.erb within layouts/application
  [1m[36mTweet Load (0.1ms)[0m  [1m[34mSELECT "tweets".* FROM "tweets"[0m
  ↳ app/views/tweets/index.html.erb:2
  [1m[36mUser Load (0.1ms)[0m  [1m[34mSELECT "users".* FROM "users" WHERE "users"."id" = ? LIMIT ?[0m  [["id", 1], ["LIMIT", 1]]
  ↳ app/views/tweets/index.html.erb:4
  Rendered tweets/index.html.erb within layouts/application (Duration: 1.9ms | Allocations: 1382)
[Webpacker] Everything's up-to-date. Nothing to do
Completed 200 OK in 8ms (Views: 6.0ms | ActiveRecord: 0.2ms | Allocations: 6288)


Started GET "/users/1/profile" for ::1 at 2020-04-19 10:12:48 -0500
Processing by UsersController#profile as HTML
  Parameters: {"user_id"=>"1"}
  [1m[36mUser Load (0.1ms)[0m  [1m[34mSELECT "users".* FROM "users" WHERE "users"."id" = ? LIMIT ?[0m  [["id", 1], ["LIMIT", 1]]
  ↳ app/controllers/users_controller.rb:4:in `profile'
  Rendering users/profile.html.erb within layouts/application
  [1m[35m (0.2ms)[0m  [1m[34mSELECT COUNT(*) FROM "tweets" WHERE "tweets"."user_id" = ?[0m  [["user_id", 1]]
  ↳ app/views/users/profile.html.erb:3
  [1m[36mTweet Load (0.1ms)[0m  [1m[34mSELECT "tweets".* FROM "tweets"[0m
  ↳ app/views/users/profile.html.erb:7
  [1m[36mUser Load (0.1ms)[0m  [1m[34mSELECT "users".* FROM "users" WHERE "users"."id" = ? LIMIT ?[0m  [["id", 1], ["LIMIT", 1]]
  ↳ app/views/users/profile.html.erb:8
  Rendered users/profile.html.erb within layouts/application (Duration: 4.9ms | Allocations: 2057)
[Webpacker] Everything's up-to-date. Nothing to do
  [1m[36mUser Load (0.1ms)[0m  [1m[34mSELECT "users".* FROM "users" WHERE "users"."id" = ? ORDER BY "users"."id" ASC LIMIT ?[0m  [["id", 1], ["LIMIT", 1]]
  ↳ app/views/layouts/application.html.erb:15
Completed 200 OK in 14ms (Views: 11.6ms | ActiveRecord: 0.6ms | Allocations: 6953)


Started GET "/users/1/profile" for ::1 at 2020-04-19 10:15:21 -0500
Processing by UsersController#profile as HTML
  Parameters: {"user_id"=>"1"}
  [1m[36mUser Load (0.2ms)[0m  [1m[34mSELECT "users".* FROM "users" WHERE "users"."id" = ? LIMIT ?[0m  [["id", 1], ["LIMIT", 1]]
  ↳ app/controllers/users_controller.rb:4:in `profile'
  Rendering users/profile.html.erb within layouts/application
  [1m[35m (0.4ms)[0m  [1m[34mSELECT COUNT(*) FROM "tweets" WHERE "tweets"."user_id" = ?[0m  [["user_id", 1]]
  ↳ app/views/users/profile.html.erb:3
  [1m[36mTweet Load (0.2ms)[0m  [1m[34mSELECT "tweets".* FROM "tweets"[0m
  ↳ app/views/users/profile.html.erb:7
  [1m[36mUser Load (0.2ms)[0m  [1m[34mSELECT "users".* FROM "users" WHERE "users"."id" = ? LIMIT ?[0m  [["id", 1], ["LIMIT", 1]]
  ↳ app/views/users/profile.html.erb:8
  Rendered users/profile.html.erb within layouts/application (Duration: 9.8ms | Allocations: 2303)
[Webpacker] Everything's up-to-date. Nothing to do
  [1m[36mUser Load (0.1ms)[0m  [1m[34mSELECT "users".* FROM "users" WHERE "users"."id" = ? ORDER BY "users"."id" ASC LIMIT ?[0m  [["id", 1], ["LIMIT", 1]]
  ↳ app/views/layouts/application.html.erb:15
Completed 200 OK in 28ms (Views: 23.0ms | ActiveRecord: 1.1ms | Allocations: 8398)


Started GET "/users/1/profile" for ::1 at 2020-04-19 10:15:51 -0500
Processing by UsersController#profile as HTML
  Parameters: {"user_id"=>"1"}
  [1m[36mUser Load (0.2ms)[0m  [1m[34mSELECT "users".* FROM "users" WHERE "users"."id" = ? LIMIT ?[0m  [["id", 1], ["LIMIT", 1]]
  ↳ app/controllers/users_controller.rb:4:in `profile'
  Rendering users/profile.html.erb within layouts/application
  [1m[35m (0.4ms)[0m  [1m[34mSELECT COUNT(*) FROM "tweets" WHERE "tweets"."user_id" = ?[0m  [["user_id", 1]]
  ↳ app/views/users/profile.html.erb:3
  [1m[36mTweet Load (0.2ms)[0m  [1m[34mSELECT "tweets".* FROM "tweets"[0m
  ↳ app/views/users/profile.html.erb:7
  [1m[36mUser Load (0.2ms)[0m  [1m[34mSELECT "users".* FROM "users" WHERE "users"."id" = ? LIMIT ?[0m  [["id", 1], ["LIMIT", 1]]
  ↳ app/views/users/profile.html.erb:8
  Rendered users/profile.html.erb within layouts/application (Duration: 9.8ms | Allocations: 2298)
[Webpacker] Everything's up-to-date. Nothing to do
  [1m[36mUser Load (0.1ms)[0m  [1m[34mSELECT "users".* FROM "users" WHERE "users"."id" = ? ORDER BY "users"."id" ASC LIMIT ?[0m  [["id", 1], ["LIMIT", 1]]
  ↳ app/views/layouts/application.html.erb:15
Completed 200 OK in 25ms (Views: 20.6ms | ActiveRecord: 1.1ms | Allocations: 8403)


Started GET "/" for ::1 at 2020-04-19 10:16:16 -0500
Processing by TweetsController#index as HTML
  [1m[36mUser Load (0.1ms)[0m  [1m[34mSELECT "users".* FROM "users" WHERE "users"."id" = ? ORDER BY "users"."id" ASC LIMIT ?[0m  [["id", 1], ["LIMIT", 1]]
  Rendering tweets/index.html.erb within layouts/application
  [1m[36mTweet Load (0.1ms)[0m  [1m[34mSELECT "tweets".* FROM "tweets"[0m
  ↳ app/views/tweets/index.html.erb:2
  [1m[36mUser Load (0.1ms)[0m  [1m[34mSELECT "users".* FROM "users" WHERE "users"."id" = ? LIMIT ?[0m  [["id", 1], ["LIMIT", 1]]
  ↳ app/views/tweets/index.html.erb:4
  Rendered tweets/index.html.erb within layouts/application (Duration: 2.2ms | Allocations: 1555)
[Webpacker] Everything's up-to-date. Nothing to do
Completed 200 OK in 8ms (Views: 5.8ms | ActiveRecord: 0.2ms | Allocations: 7166)


Started GET "/" for ::1 at 2020-04-19 10:18:09 -0500
Processing by TweetsController#index as HTML
  [1m[36mUser Load (0.2ms)[0m  [1m[34mSELECT "users".* FROM "users" WHERE "users"."id" = ? ORDER BY "users"."id" ASC LIMIT ?[0m  [["id", 1], ["LIMIT", 1]]
  Rendering tweets/index.html.erb within layouts/application
  [1m[36mTweet Load (0.1ms)[0m  [1m[34mSELECT "tweets".* FROM "tweets"[0m
  ↳ app/views/tweets/index.html.erb:2
  [1m[36mUser Load (0.1ms)[0m  [1m[34mSELECT "users".* FROM "users" WHERE "users"."id" = ? LIMIT ?[0m  [["id", 1], ["LIMIT", 1]]
  ↳ app/views/tweets/index.html.erb:4
  Rendered tweets/index.html.erb within layouts/application (Duration: 2.9ms | Allocations: 1555)
[Webpacker] Everything's up-to-date. Nothing to do
Completed 200 OK in 10ms (Views: 7.4ms | ActiveRecord: 0.4ms | Allocations: 7682)


Started GET "/" for ::1 at 2020-04-19 10:19:47 -0500
Processing by TweetsController#index as HTML
  [1m[36mUser Load (0.1ms)[0m  [1m[34mSELECT "users".* FROM "users" WHERE "users"."id" = ? ORDER BY "users"."id" ASC LIMIT ?[0m  [["id", 1], ["LIMIT", 1]]
  Rendering tweets/index.html.erb within layouts/application
  [1m[36mTweet Load (0.1ms)[0m  [1m[34mSELECT "tweets".* FROM "tweets"[0m
  ↳ app/views/tweets/index.html.erb:2
  [1m[36mUser Load (0.1ms)[0m  [1m[34mSELECT "users".* FROM "users" WHERE "users"."id" = ? LIMIT ?[0m  [["id", 1], ["LIMIT", 1]]
  ↳ app/views/tweets/index.html.erb:4
  Rendered tweets/index.html.erb within layouts/application (Duration: 2.7ms | Allocations: 1555)
[Webpacker] Everything's up-to-date. Nothing to do
Completed 200 OK in 12ms (Views: 8.9ms | ActiveRecord: 0.3ms | Allocations: 7683)


Started GET "/" for ::1 at 2020-04-19 10:20:26 -0500
Processing by TweetsController#index as HTML
  [1m[36mUser Load (0.2ms)[0m  [1m[34mSELECT "users".* FROM "users" WHERE "users"."id" = ? ORDER BY "users"."id" ASC LIMIT ?[0m  [["id", 1], ["LIMIT", 1]]
  Rendering tweets/index.html.erb within layouts/application
  [1m[36mTweet Load (0.2ms)[0m  [1m[34mSELECT "tweets".* FROM "tweets"[0m
  ↳ app/views/tweets/index.html.erb:2
  [1m[36mUser Load (0.1ms)[0m  [1m[34mSELECT "users".* FROM "users" WHERE "users"."id" = ? LIMIT ?[0m  [["id", 1], ["LIMIT", 1]]
  ↳ app/views/tweets/index.html.erb:4
  Rendered tweets/index.html.erb within layouts/application (Duration: 4.1ms | Allocations: 1556)
[Webpacker] Everything's up-to-date. Nothing to do
Completed 200 OK in 15ms (Views: 11.2ms | ActiveRecord: 0.4ms | Allocations: 7684)


Started GET "/" for ::1 at 2020-04-19 10:20:34 -0500
Processing by TweetsController#index as HTML
  [1m[36mUser Load (0.1ms)[0m  [1m[34mSELECT "users".* FROM "users" WHERE "users"."id" = ? ORDER BY "users"."id" ASC LIMIT ?[0m  [["id", 1], ["LIMIT", 1]]
  Rendering tweets/index.html.erb within layouts/application
  [1m[36mTweet Load (0.1ms)[0m  [1m[34mSELECT "tweets".* FROM "tweets"[0m
  ↳ app/views/tweets/index.html.erb:2
  [1m[36mUser Load (0.1ms)[0m  [1m[34mSELECT "users".* FROM "users" WHERE "users"."id" = ? LIMIT ?[0m  [["id", 1], ["LIMIT", 1]]
  ↳ app/views/tweets/index.html.erb:4
  Rendered tweets/index.html.erb within layouts/application (Duration: 2.8ms | Allocations: 1555)
[Webpacker] Everything's up-to-date. Nothing to do
Completed 200 OK in 11ms (Views: 8.0ms | ActiveRecord: 0.3ms | Allocations: 7670)


Started GET "/" for ::1 at 2020-04-19 10:22:02 -0500
Processing by TweetsController#index as HTML
  [1m[36mUser Load (0.1ms)[0m  [1m[34mSELECT "users".* FROM "users" WHERE "users"."id" = ? ORDER BY "users"."id" ASC LIMIT ?[0m  [["id", 1], ["LIMIT", 1]]
  Rendering tweets/index.html.erb within layouts/application
  [1m[36mTweet Load (0.1ms)[0m  [1m[34mSELECT "tweets".* FROM "tweets"[0m
  ↳ app/views/tweets/index.html.erb:2
  [1m[36mUser Load (0.1ms)[0m  [1m[34mSELECT "users".* FROM "users" WHERE "users"."id" = ? LIMIT ?[0m  [["id", 1], ["LIMIT", 1]]
  ↳ app/views/tweets/index.html.erb:4
  Rendered tweets/index.html.erb within layouts/application (Duration: 4.7ms | Allocations: 1334)
[Webpacker] Everything's up-to-date. Nothing to do
Completed 200 OK in 17ms (Views: 14.7ms | ActiveRecord: 0.2ms | Allocations: 11475)


Started GET "/users/1/profile" for ::1 at 2020-04-19 10:22:06 -0500
Processing by UsersController#profile as HTML
  Parameters: {"user_id"=>"1"}
  [1m[36mUser Load (0.1ms)[0m  [1m[34mSELECT "users".* FROM "users" WHERE "users"."id" = ? LIMIT ?[0m  [["id", 1], ["LIMIT", 1]]
  ↳ app/controllers/users_controller.rb:4:in `profile'
  Rendering users/profile.html.erb within layouts/application
  [1m[35m (0.1ms)[0m  [1m[34mSELECT COUNT(*) FROM "tweets" WHERE "tweets"."user_id" = ?[0m  [["user_id", 1]]
  ↳ app/views/users/profile.html.erb:3
  [1m[36mTweet Load (0.1ms)[0m  [1m[34mSELECT "tweets".* FROM "tweets"[0m
  ↳ app/views/users/profile.html.erb:7
  [1m[36mUser Load (0.1ms)[0m  [1m[34mSELECT "users".* FROM "users" WHERE "users"."id" = ? LIMIT ?[0m  [["id", 1], ["LIMIT", 1]]
  ↳ app/views/users/profile.html.erb:8
  Rendered users/profile.html.erb within layouts/application (Duration: 4.6ms | Allocations: 2302)
[Webpacker] Everything's up-to-date. Nothing to do
  [1m[36mUser Load (0.1ms)[0m  [1m[34mSELECT "users".* FROM "users" WHERE "users"."id" = ? ORDER BY "users"."id" ASC LIMIT ?[0m  [["id", 1], ["LIMIT", 1]]
  ↳ app/views/layouts/application.html.erb:16
Completed 200 OK in 14ms (Views: 11.8ms | ActiveRecord: 0.6ms | Allocations: 7911)


Started GET "/" for ::1 at 2020-04-19 10:23:00 -0500
Processing by TweetsController#index as HTML
  [1m[36mUser Load (0.2ms)[0m  [1m[34mSELECT "users".* FROM "users" WHERE "users"."id" = ? ORDER BY "users"."id" ASC LIMIT ?[0m  [["id", 1], ["LIMIT", 1]]
  Rendering tweets/index.html.erb within layouts/application
  [1m[36mTweet Load (0.2ms)[0m  [1m[34mSELECT "tweets".* FROM "tweets"[0m
  ↳ app/views/tweets/index.html.erb:2
  [1m[36mUser Load (0.2ms)[0m  [1m[34mSELECT "users".* FROM "users" WHERE "users"."id" = ? LIMIT ?[0m  [["id", 1], ["LIMIT", 1]]
  ↳ app/views/tweets/index.html.erb:4
  Rendered tweets/index.html.erb within layouts/application (Duration: 5.4ms | Allocations: 1339)
[Webpacker] Everything's up-to-date. Nothing to do
Completed 200 OK in 32ms (Views: 25.5ms | ActiveRecord: 0.6ms | Allocations: 11870)


Started GET "/" for ::1 at 2020-04-19 10:24:26 -0500
Processing by TweetsController#index as HTML
  [1m[36mUser Load (0.1ms)[0m  [1m[34mSELECT "users".* FROM "users" WHERE "users"."id" = ? ORDER BY "users"."id" ASC LIMIT ?[0m  [["id", 1], ["LIMIT", 1]]
  Rendering tweets/index.html.erb within layouts/application
  [1m[36mTweet Load (0.1ms)[0m  [1m[34mSELECT "tweets".* FROM "tweets"[0m
  ↳ app/views/tweets/index.html.erb:2
  [1m[36mUser Load (0.1ms)[0m  [1m[34mSELECT "users".* FROM "users" WHERE "users"."id" = ? LIMIT ?[0m  [["id", 1], ["LIMIT", 1]]
  ↳ app/views/tweets/index.html.erb:4
  Rendered tweets/index.html.erb within layouts/application (Duration: 2.0ms | Allocations: 1333)
[Webpacker] Everything's up-to-date. Nothing to do
Completed 200 OK in 14ms (Views: 12.0ms | ActiveRecord: 0.2ms | Allocations: 11459)


Started GET "/" for ::1 at 2020-04-19 10:25:23 -0500
Processing by TweetsController#index as HTML
  [1m[36mUser Load (0.1ms)[0m  [1m[34mSELECT "users".* FROM "users" WHERE "users"."id" = ? ORDER BY "users"."id" ASC LIMIT ?[0m  [["id", 1], ["LIMIT", 1]]
  Rendering tweets/index.html.erb within layouts/application
  [1m[36mTweet Load (0.1ms)[0m  [1m[34mSELECT "tweets".* FROM "tweets"[0m
  ↳ app/views/tweets/index.html.erb:2
  [1m[36mUser Load (0.1ms)[0m  [1m[34mSELECT "users".* FROM "users" WHERE "users"."id" = ? LIMIT ?[0m  [["id", 1], ["LIMIT", 1]]
  ↳ app/views/tweets/index.html.erb:4
  Rendered tweets/index.html.erb within layouts/application (Duration: 1.9ms | Allocations: 1333)
[Webpacker] Everything's up-to-date. Nothing to do
Completed 200 OK in 14ms (Views: 11.7ms | ActiveRecord: 0.2ms | Allocations: 11450)


Started GET "/" for ::1 at 2020-04-19 10:25:46 -0500
Processing by TweetsController#index as HTML
  [1m[36mUser Load (0.1ms)[0m  [1m[34mSELECT "users".* FROM "users" WHERE "users"."id" = ? ORDER BY "users"."id" ASC LIMIT ?[0m  [["id", 1], ["LIMIT", 1]]
  Rendering tweets/index.html.erb within layouts/application
  [1m[36mTweet Load (0.1ms)[0m  [1m[34mSELECT "tweets".* FROM "tweets"[0m
  ↳ app/views/tweets/index.html.erb:2
  [1m[36mUser Load (0.1ms)[0m  [1m[34mSELECT "users".* FROM "users" WHERE "users"."id" = ? LIMIT ?[0m  [["id", 1], ["LIMIT", 1]]
  ↳ app/views/tweets/index.html.erb:4
  Rendered tweets/index.html.erb within layouts/application (Duration: 2.4ms | Allocations: 1557)
[Webpacker] Everything's up-to-date. Nothing to do
Completed 200 OK in 10ms (Views: 7.2ms | ActiveRecord: 0.3ms | Allocations: 7670)


Started GET "/" for ::1 at 2020-04-19 10:25:56 -0500
Processing by TweetsController#index as HTML
  [1m[36mUser Load (0.2ms)[0m  [1m[34mSELECT "users".* FROM "users" WHERE "users"."id" = ? ORDER BY "users"."id" ASC LIMIT ?[0m  [["id", 1], ["LIMIT", 1]]
  Rendering tweets/index.html.erb within layouts/application
  [1m[36mTweet Load (0.2ms)[0m  [1m[34mSELECT "tweets".* FROM "tweets"[0m
  ↳ app/views/tweets/index.html.erb:2
  [1m[36mUser Load (0.1ms)[0m  [1m[34mSELECT "users".* FROM "users" WHERE "users"."id" = ? LIMIT ?[0m  [["id", 1], ["LIMIT", 1]]
  ↳ app/views/tweets/index.html.erb:4
  Rendered tweets/index.html.erb within layouts/application (Duration: 4.7ms | Allocations: 1556)
[Webpacker] Everything's up-to-date. Nothing to do
Completed 200 OK in 18ms (Views: 13.2ms | ActiveRecord: 0.5ms | Allocations: 7689)


Started DELETE "/users/sign_out" for ::1 at 2020-04-19 10:25:59 -0500
Processing by Devise::SessionsController#destroy as HTML
  Parameters: {"authenticity_token"=>"5x1K7pxSJYDD6p4+3OBko/yN0deTpa1JrI9zIIC/JRlAWlcGYtWx+zQEP4xWKQAVjB9UgBABBhZ8COz7lm0+eA=="}
  [1m[36mUser Load (0.2ms)[0m  [1m[34mSELECT "users".* FROM "users" WHERE "users"."id" = ? ORDER BY "users"."id" ASC LIMIT ?[0m  [["id", 1], ["LIMIT", 1]]
Redirected to http://localhost:3000/
Completed 302 Found in 48ms (ActiveRecord: 0.2ms | Allocations: 2914)


Started GET "/" for ::1 at 2020-04-19 10:25:59 -0500
Processing by TweetsController#index as HTML
Completed 401 Unauthorized in 2ms (ActiveRecord: 0.0ms | Allocations: 396)


Started GET "/users/sign_in" for ::1 at 2020-04-19 10:25:59 -0500
Processing by Devise::SessionsController#new as HTML
  Rendering /home/isaac/.rvm/gems/ruby-2.7.0/gems/devise-4.7.1/app/views/devise/sessions/new.html.erb within layouts/application
  Rendered /home/isaac/.rvm/gems/ruby-2.7.0/gems/devise-4.7.1/app/views/devise/shared/_links.html.erb (Duration: 1.0ms | Allocations: 594)
  Rendered /home/isaac/.rvm/gems/ruby-2.7.0/gems/devise-4.7.1/app/views/devise/sessions/new.html.erb within layouts/application (Duration: 4.1ms | Allocations: 2272)
[Webpacker] Everything's up-to-date. Nothing to do
Completed 200 OK in 11ms (Views: 9.8ms | ActiveRecord: 0.0ms | Allocations: 7335)


Started GET "/" for ::1 at 2020-04-19 10:26:04 -0500
Processing by TweetsController#index as HTML
Completed 401 Unauthorized in 1ms (ActiveRecord: 0.0ms | Allocations: 390)


Started GET "/users/sign_in" for ::1 at 2020-04-19 10:26:04 -0500
Processing by Devise::SessionsController#new as HTML
  Rendering /home/isaac/.rvm/gems/ruby-2.7.0/gems/devise-4.7.1/app/views/devise/sessions/new.html.erb within layouts/application
  Rendered /home/isaac/.rvm/gems/ruby-2.7.0/gems/devise-4.7.1/app/views/devise/shared/_links.html.erb (Duration: 0.2ms | Allocations: 131)
  Rendered /home/isaac/.rvm/gems/ruby-2.7.0/gems/devise-4.7.1/app/views/devise/sessions/new.html.erb within layouts/application (Duration: 1.5ms | Allocations: 1029)
[Webpacker] Everything's up-to-date. Nothing to do
Completed 200 OK in 6ms (Views: 4.9ms | ActiveRecord: 0.0ms | Allocations: 4822)


Started POST "/users/sign_in" for ::1 at 2020-04-19 10:26:12 -0500
Processing by Devise::SessionsController#create as HTML
  Parameters: {"authenticity_token"=>"ViLiU1DYQZVRiWtK2ibJvTRVAqWffPZQn+IZPFiLnHM4FPhy/ZZZCema4ERNmDCaOWqBpfHSGKaZX5pFpfVbUg==", "user"=>{"email"=>"idgm@pm.me", "password"=>"[FILTERED]", "remember_me"=>"0"}, "commit"=>"Log in"}
  [1m[36mUser Load (0.2ms)[0m  [1m[34mSELECT "users".* FROM "users" WHERE "users"."email" = ? ORDER BY "users"."id" ASC LIMIT ?[0m  [["email", "idgm@pm.me"], ["LIMIT", 1]]
Redirected to http://localhost:3000/
Completed 302 Found in 125ms (ActiveRecord: 0.2ms | Allocations: 4708)


Started GET "/" for ::1 at 2020-04-19 10:26:12 -0500
Processing by TweetsController#index as HTML
  [1m[36mUser Load (0.1ms)[0m  [1m[34mSELECT "users".* FROM "users" WHERE "users"."id" = ? ORDER BY "users"."id" ASC LIMIT ?[0m  [["id", 1], ["LIMIT", 1]]
  Rendering tweets/index.html.erb within layouts/application
  [1m[36mTweet Load (0.0ms)[0m  [1m[34mSELECT "tweets".* FROM "tweets"[0m
  ↳ app/views/tweets/index.html.erb:2
  [1m[36mUser Load (0.1ms)[0m  [1m[34mSELECT "users".* FROM "users" WHERE "users"."id" = ? LIMIT ?[0m  [["id", 1], ["LIMIT", 1]]
  ↳ app/views/tweets/index.html.erb:4
  Rendered tweets/index.html.erb within layouts/application (Duration: 1.9ms | Allocations: 1339)
[Webpacker] Everything's up-to-date. Nothing to do
Completed 200 OK in 8ms (Views: 5.6ms | ActiveRecord: 0.2ms | Allocations: 6280)


Started GET "/users/1/profile" for ::1 at 2020-04-19 10:26:20 -0500
Processing by UsersController#profile as HTML
  Parameters: {"user_id"=>"1"}
  [1m[36mUser Load (0.1ms)[0m  [1m[34mSELECT "users".* FROM "users" WHERE "users"."id" = ? LIMIT ?[0m  [["id", 1], ["LIMIT", 1]]
  ↳ app/controllers/users_controller.rb:4:in `profile'
  Rendering users/profile.html.erb within layouts/application
  [1m[35m (0.1ms)[0m  [1m[34mSELECT COUNT(*) FROM "tweets" WHERE "tweets"."user_id" = ?[0m  [["user_id", 1]]
  ↳ app/views/users/profile.html.erb:3
  [1m[36mTweet Load (0.1ms)[0m  [1m[34mSELECT "tweets".* FROM "tweets"[0m
  ↳ app/views/users/profile.html.erb:7
  [1m[36mUser Load (0.1ms)[0m  [1m[34mSELECT "users".* FROM "users" WHERE "users"."id" = ? LIMIT ?[0m  [["id", 1], ["LIMIT", 1]]
  ↳ app/views/users/profile.html.erb:8
  Rendered users/profile.html.erb within layouts/application (Duration: 3.4ms | Allocations: 2302)
[Webpacker] Everything's up-to-date. Nothing to do
  [1m[36mUser Load (0.1ms)[0m  [1m[34mSELECT "users".* FROM "users" WHERE "users"."id" = ? ORDER BY "users"."id" ASC LIMIT ?[0m  [["id", 1], ["LIMIT", 1]]
  ↳ app/views/layouts/application.html.erb:16
Completed 200 OK in 10ms (Views: 8.2ms | ActiveRecord: 0.4ms | Allocations: 7905)


